build/app/outputs/logs/manifest-merger-debug-report.txt
-- Merging decision tree log ---
manifest
ADDED from src\main\AndroidManifest.xml:1:1-31:12
INJECTED from src\main\AndroidManifest.xml:1:1-31:12
INJECTED from src\main\AndroidManifest.xml:1:1-31:12
INJECTED from src\main\AndroidManifest.xml:1:1-31:12
MERGED from src\main\AndroidManifest.xml:1:1-31:12
MERGED from [:fluttertoast] AndroidManifest.xml:2:1-7:12
MERGED from [:sqflite] AndroidManifest.xml:2:1-7:12
MERGED from [:shared_preferences] AndroidManifest.xml:2:1-7:12
MERGED from [:shared_preferences_web] AndroidManifest.xml:2:1-7:12
MERGED from [:shared_preferences_macos] AndroidManifest.xml:2:1-7:12
MERGED from [:epub_viewer] AndroidManifest.xml:2:1-7:12
MERGED from [:esys_flutter_share] AndroidManifest.xml:2:1-19:12
MERGED from [:path_provider] AndroidManifest.xml:2:1-7:12
MERGED from [:permission_handler] AndroidManifest.xml:2:1-7:12
MERGED from [com.jideguru:folioreader:0.6.2] AndroidManifest.xml:2:1-45:12
MERGED from [com.github.codetoart:r2-shared-kotlin:1.0.4-2] AndroidManifest.xml:10:1-23:12
MERGED from [com.github.codetoart:r2-streamer-kotlin:1.0.4-2] AndroidManifest.xml:10:1-28:12
MERGED from [com.google.android.material:material:1.0.0] AndroidManifest.xml:17:1-24:12
MERGED from [androidx.appcompat:appcompat:1.1.0] AndroidManifest.xml:17:1-24:12
MERGED from [androidx.lifecycle:lifecycle-extensions:2.1.0] AndroidManifest.xml:17:1-25:12
MERGED from [com.mcxiaoke.koi:core:0.5.5] AndroidManifest.xml:2:1-12:12
MERGED from [com.mcxiaoke.koi:async:0.5.5] AndroidManifest.xml:2:1-12:12
MERGED from [androidx.legacy:legacy-support-v4:1.0.0] AndroidManifest.xml:17:1-22:12
MERGED from [androidx.fragment:fragment:1.1.0] AndroidManifest.xml:17:1-24:12
MERGED from [androidx.recyclerview:recyclerview:1.1.0] AndroidManifest.xml:17:1-24:12
MERGED from [androidx.legacy:legacy-support-core-ui:1.0.0] AndroidManifest.xml:17:1-22:12
MERGED from [androidx.viewpager:viewpager:1.0.0] AndroidManifest.xml:17:1-22:12
MERGED from [androidx.legacy:legacy-support-core-utils:1.0.0] AndroidManifest.xml:17:1-22:12
MERGED from [androidx.loader:loader:1.0.0] AndroidManifest.xml:17:1-22:12
MERGED from [androidx.activity:activity:1.0.0] AndroidManifest.xml:17:1-24:12
MERGED from [androidx.appcompat:appcompat-resources:1.1.0] AndroidManifest.xml:17:1-24:12
MERGED from [androidx.drawerlayout:drawerlayout:1.0.0] AndroidManifest.xml:17:1-22:12
MERGED from [androidx.coordinatorlayout:coordinatorlayout:1.0.0] AndroidManifest.xml:17:1-22:12
MERGED from [androidx.slidingpanelayout:slidingpanelayout:1.0.0] AndroidManifest.xml:17:1-22:12
MERGED from [androidx.customview:customview:1.0.0] AndroidManifest.xml:17:1-22:12
MERGED from [androidx.transition:transition:1.0.0] AndroidManifest.xml:17:1-22:12
MERGED from [androidx.vectordrawable:vectordrawable-animated:1.1.0] AndroidManifest.xml:17:1-24:12
MERGED from [androidx.vectordrawable:vectordrawable:1.1.0] AndroidManifest.xml:17:1-24:12
MERGED from [androidx.swiperefreshlayout:swiperefreshlayout:1.0.0] AndroidManifest.xml:17:1-22:12
MERGED from [androidx.asynclayoutinflater:asynclayoutinflater:1.0.0] AndroidManifest.xml:17:1-22:12
MERGED from [androidx.media:media:1.0.0] AndroidManifest.xml:17:1-22:12
MERGED from [androidx.core:core:1.1.0] AndroidManifest.xml:17:1-26:12
MERGED from [androidx.lifecycle:lifecycle-process:2.1.0] AndroidManifest.xml:17:1-30:12
MERGED from [androidx.lifecycle:lifecycle-service:2.1.0] AndroidManifest.xml:17:1-22:12
MERGED from [androidx.lifecycle:lifecycle-runtime:2.2.0] AndroidManifest.xml:17:1-24:12
MERGED from [androidx.savedstate:savedstate:1.0.0] AndroidManifest.xml:17:1-24:12
MERGED from [androidx.lifecycle:lifecycle-livedata:2.1.0] AndroidManifest.xml:17:1-22:12
MERGED from [androidx.lifecycle:lifecycle-livedata-core:2.1.0] AndroidManifest.xml:17:1-22:12
MERGED from [androidx.versionedparcelable:versionedparcelable:1.1.0] AndroidManifest.xml:17:1-27:12
MERGED from [androidx.arch.core:core-runtime:2.1.0] AndroidManifest.xml:17:1-24:12
MERGED from [androidx.cursoradapter:cursoradapter:1.0.0] AndroidManifest.xml:17:1-22:12
MERGED from [androidx.cardview:cardview:1.0.0] AndroidManifest.xml:17:1-22:12
MERGED from [androidx.lifecycle:lifecycle-viewmodel:2.1.0] AndroidManifest.xml:17:1-22:12
MERGED from [androidx.interpolator:interpolator:1.0.0] AndroidManifest.xml:17:1-22:12
MERGED from [androidx.documentfile:documentfile:1.0.0] AndroidManifest.xml:17:1-22:12
MERGED from [androidx.localbroadcastmanager:localbroadcastmanager:1.0.0] AndroidManifest.xml:17:1-22:12
MERGED from [androidx.print:print:1.0.0] AndroidManifest.xml:17:1-22:12
MERGED from [com.github.kittinunf.fuel:fuel-android:1.15.0] AndroidManifest.xml:2:1-10:12
MERGED from [androidx.constraintlayout:constraintlayout:1.1.3] AndroidManifest.xml:2:1-11:12
MERGED from [com.daimajia.swipelayout:library:1.2.0] AndroidManifest.xml:2:1-10:12
MERGED from [com.jakewharton.timber:timber:4.7.1] AndroidManifest.xml:2:1-9:12
INJECTED from src\debug\AndroidManifest.xml:1:1-9:12
INJECTED from src\debug\AndroidManifest.xml:1:1-9:12
INJECTED from src\debug\AndroidManifest.xml:1:1-9:12
	package
		ADDED from src\main\AndroidManifest.xml:2:5-45
		INJECTED from src\main\AndroidManifest.xml
		INJECTED from src\debug\AndroidManifest.xml
	android:versionName
		INJECTED from src\main\AndroidManifest.xml
		ADDED from src\main\AndroidManifest.xml:1:1-31:12
		INJECTED from src\debug\AndroidManifest.xml
	android:versionCode
		INJECTED from src\main\AndroidManifest.xml
		ADDED from src\main\AndroidManifest.xml:1:1-31:12
		INJECTED from src\debug\AndroidManifest.xml
	xmlns:android
		ADDED from src\main\AndroidManifest.xml:1:11-69
uses-permission#android.permission.INTERNET
ADDED from src\main\AndroidManifest.xml:3:5-66
MERGED from src\main\AndroidManifest.xml:3:5-66
MERGED from src\main\AndroidManifest.xml:3:5-66
MERGED from [com.jideguru:folioreader:0.6.2] AndroidManifest.xml:14:5-67
MERGED from [com.jideguru:folioreader:0.6.2] AndroidManifest.xml:14:5-67
	android:name
		ADDED from src\main\AndroidManifest.xml:3:22-64
uses-permission#android.permission.WRITE_EXTERNAL_STORAGE
ADDED from src\main\AndroidManifest.xml:4:5-80
MERGED from src\main\AndroidManifest.xml:4:5-80
MERGED from src\main\AndroidManifest.xml:4:5-80
MERGED from [com.jideguru:folioreader:0.6.2] AndroidManifest.xml:13:5-81
MERGED from [com.jideguru:folioreader:0.6.2] AndroidManifest.xml:13:5-81
	android:name
		ADDED from src\main\AndroidManifest.xml:4:22-78
uses-permission#android.permission.READ_EXTERNAL_STORAGE
ADDED from src\main\AndroidManifest.xml:5:5-79
MERGED from src\main\AndroidManifest.xml:5:5-79
MERGED from src\main\AndroidManifest.xml:5:5-79
	android:name
		ADDED from src\main\AndroidManifest.xml:5:22-77
application
ADDED from src\main\AndroidManifest.xml:8:5-30:19
MERGED from [:esys_flutter_share] AndroidManifest.xml:7:5-17:19
MERGED from [:esys_flutter_share] AndroidManifest.xml:7:5-17:19
MERGED from [com.jideguru:folioreader:0.6.2] AndroidManifest.xml:16:5-43:19
MERGED from [com.jideguru:folioreader:0.6.2] AndroidManifest.xml:16:5-43:19
MERGED from [com.github.codetoart:r2-shared-kotlin:1.0.4-2] AndroidManifest.xml:18:5-21:47
MERGED from [com.github.codetoart:r2-shared-kotlin:1.0.4-2] AndroidManifest.xml:18:5-21:47
MERGED from [com.github.codetoart:r2-streamer-kotlin:1.0.4-2] AndroidManifest.xml:18:5-26:19
MERGED from [com.github.codetoart:r2-streamer-kotlin:1.0.4-2] AndroidManifest.xml:18:5-26:19
MERGED from [com.google.android.material:material:1.0.0] AndroidManifest.xml:22:5-20
MERGED from [com.google.android.material:material:1.0.0] AndroidManifest.xml:22:5-20
MERGED from [androidx.lifecycle:lifecycle-extensions:2.1.0] AndroidManifest.xml:22:5-23:19
MERGED from [androidx.lifecycle:lifecycle-extensions:2.1.0] AndroidManifest.xml:22:5-23:19
MERGED from [com.mcxiaoke.koi:core:0.5.5] AndroidManifest.xml:10:5-20
MERGED from [com.mcxiaoke.koi:core:0.5.5] AndroidManifest.xml:10:5-20
MERGED from [com.mcxiaoke.koi:async:0.5.5] AndroidManifest.xml:10:5-20
MERGED from [com.mcxiaoke.koi:async:0.5.5] AndroidManifest.xml:10:5-20
MERGED from [androidx.core:core:1.1.0] AndroidManifest.xml:24:5-89
MERGED from [androidx.core:core:1.1.0] AndroidManifest.xml:24:5-89
MERGED from [androidx.lifecycle:lifecycle-process:2.1.0] AndroidManifest.xml:22:5-28:19
MERGED from [androidx.lifecycle:lifecycle-process:2.1.0] AndroidManifest.xml:22:5-28:19
MERGED from [androidx.versionedparcelable:versionedparcelable:1.1.0] AndroidManifest.xml:24:5-25:19
MERGED from [androidx.versionedparcelable:versionedparcelable:1.1.0] AndroidManifest.xml:24:5-25:19
MERGED from [androidx.constraintlayout:constraintlayout:1.1.3] AndroidManifest.xml:9:5-20
MERGED from [androidx.constraintlayout:constraintlayout:1.1.3] AndroidManifest.xml:9:5-20
MERGED from [com.jakewharton.timber:timber:4.7.1] AndroidManifest.xml:7:5-20
MERGED from [com.jakewharton.timber:timber:4.7.1] AndroidManifest.xml:7:5-20
	android:appComponentFactory
		ADDED from [androidx.core:core:1.1.0] AndroidManifest.xml:24:18-86
	android:supportsRtl
		ADDED from [com.github.codetoart:r2-shared-kotlin:1.0.4-2] AndroidManifest.xml:20:9-35
	android:label
		ADDED from src\main\AndroidManifest.xml:10:9-42
	android:allowBackup
		ADDED from [com.jideguru:folioreader:0.6.2] AndroidManifest.xml:17:9-35
		REJECTED from [com.github.codetoart:r2-shared-kotlin:1.0.4-2] AndroidManifest.xml:19:9-36
		REJECTED from [com.github.codetoart:r2-streamer-kotlin:1.0.4-2] AndroidManifest.xml:19:9-36
	android:icon
		ADDED from src\main\AndroidManifest.xml:11:9-43
	android:networkSecurityConfig
		ADDED from [com.jideguru:folioreader:0.6.2] AndroidManifest.xml:18:9-69
	tools:replace
		ADDED from [com.jideguru:folioreader:0.6.2] AndroidManifest.xml:19:9-44
	android:name
		ADDED from src\main\AndroidManifest.xml:9:9-57
activity#dev.jideguru.flutter_ebook_app.MainActivity
ADDED from src\main\AndroidManifest.xml:12:9-24:20
	android:screenOrientation
		ADDED from src\main\AndroidManifest.xml:19:13-49
	android:launchMode
		ADDED from src\main\AndroidManifest.xml:14:13-43
	android:hardwareAccelerated
		ADDED from src\main\AndroidManifest.xml:17:13-47
	android:windowSoftInputMode
		ADDED from src\main\AndroidManifest.xml:18:13-55
	android:configChanges
		ADDED from src\main\AndroidManifest.xml:16:13-163
	android:theme
		ADDED from src\main\AndroidManifest.xml:15:13-47
	android:name
		ADDED from src\main\AndroidManifest.xml:13:13-41
intent-filter#action:name:android.intent.action.MAIN+category:name:android.intent.category.LAUNCHER
ADDED from src\main\AndroidManifest.xml:20:13-23:29
action#android.intent.action.MAIN
ADDED from src\main\AndroidManifest.xml:21:17-68
	android:name
		ADDED from src\main\AndroidManifest.xml:21:25-66
category#android.intent.category.LAUNCHER
ADDED from src\main\AndroidManifest.xml:22:17-76
	android:name
		ADDED from src\main\AndroidManifest.xml:22:27-74
meta-data#flutterEmbedding
ADDED from src\main\AndroidManifest.xml:27:9-29:33
	android:value
		ADDED from src\main\AndroidManifest.xml:29:13-30
	android:name
		ADDED from src\main\AndroidManifest.xml:28:13-44
uses-sdk
INJECTED from src\main\AndroidManifest.xml reason: use-sdk injection requested
INJECTED from src\main\AndroidManifest.xml
INJECTED from src\main\AndroidManifest.xml
MERGED from [:fluttertoast] AndroidManifest.xml:5:5-44
MERGED from [:fluttertoast] AndroidManifest.xml:5:5-44
MERGED from [:sqflite] AndroidManifest.xml:5:5-44
MERGED from [:sqflite] AndroidManifest.xml:5:5-44
MERGED from [:shared_preferences] AndroidManifest.xml:5:5-44
MERGED from [:shared_preferences] AndroidManifest.xml:5:5-44
MERGED from [:shared_preferences_web] AndroidManifest.xml:5:5-44
MERGED from [:shared_preferences_web] AndroidManifest.xml:5:5-44
MERGED from [:shared_preferences_macos] AndroidManifest.xml:5:5-44
MERGED from [:shared_preferences_macos] AndroidManifest.xml:5:5-44
MERGED from [:epub_viewer] AndroidManifest.xml:5:5-44
MERGED from [:epub_viewer] AndroidManifest.xml:5:5-44
MERGED from [:esys_flutter_share] AndroidManifest.xml:5:5-44
MERGED from [:esys_flutter_share] AndroidManifest.xml:5:5-44
MERGED from [:path_provider] AndroidManifest.xml:5:5-44
MERGED from [:path_provider] AndroidManifest.xml:5:5-44
MERGED from [:permission_handler] AndroidManifest.xml:5:5-44
MERGED from [:permission_handler] AndroidManifest.xml:5:5-44
MERGED from [com.jideguru:folioreader:0.6.2] AndroidManifest.xml:8:5-11:82
MERGED from [com.jideguru:folioreader:0.6.2] AndroidManifest.xml:8:5-11:82
MERGED from [com.github.codetoart:r2-shared-kotlin:1.0.4-2] AndroidManifest.xml:14:5-16:41
MERGED from [com.github.codetoart:r2-shared-kotlin:1.0.4-2] AndroidManifest.xml:14:5-16:41
MERGED from [com.github.codetoart:r2-streamer-kotlin:1.0.4-2] AndroidManifest.xml:14:5-16:41
MERGED from [com.github.codetoart:r2-streamer-kotlin:1.0.4-2] AndroidManifest.xml:14:5-16:41
MERGED from [com.google.android.material:material:1.0.0] AndroidManifest.xml:20:5-44
MERGED from [com.google.android.material:material:1.0.0] AndroidManifest.xml:20:5-44
MERGED from [androidx.appcompat:appcompat:1.1.0] AndroidManifest.xml:20:5-22:41
MERGED from [androidx.appcompat:appcompat:1.1.0] AndroidManifest.xml:20:5-22:41
MERGED from [androidx.lifecycle:lifecycle-extensions:2.1.0] AndroidManifest.xml:20:5-44
MERGED from [androidx.lifecycle:lifecycle-extensions:2.1.0] AndroidManifest.xml:20:5-44
MERGED from [com.mcxiaoke.koi:core:0.5.5] AndroidManifest.xml:6:5-8:41
MERGED from [com.mcxiaoke.koi:core:0.5.5] AndroidManifest.xml:6:5-8:41
MERGED from [com.mcxiaoke.koi:async:0.5.5] AndroidManifest.xml:6:5-8:41
MERGED from [com.mcxiaoke.koi:async:0.5.5] AndroidManifest.xml:6:5-8:41
MERGED from [androidx.legacy:legacy-support-v4:1.0.0] AndroidManifest.xml:20:5-44
MERGED from [androidx.legacy:legacy-support-v4:1.0.0] AndroidManifest.xml:20:5-44
MERGED from [androidx.fragment:fragment:1.1.0] AndroidManifest.xml:20:5-22:41
MERGED from [androidx.fragment:fragment:1.1.0] AndroidManifest.xml:20:5-22:41
MERGED from [androidx.recyclerview:recyclerview:1.1.0] AndroidManifest.xml:20:5-22:41
MERGED from [androidx.recyclerview:recyclerview:1.1.0] AndroidManifest.xml:20:5-22:41
MERGED from [androidx.legacy:legacy-support-core-ui:1.0.0] AndroidManifest.xml:20:5-44
MERGED from [androidx.legacy:legacy-support-core-ui:1.0.0] AndroidManifest.xml:20:5-44
MERGED from [androidx.viewpager:viewpager:1.0.0] AndroidManifest.xml:20:5-44
MERGED from [androidx.viewpager:viewpager:1.0.0] AndroidManifest.xml:20:5-44
MERGED from [androidx.legacy:legacy-support-core-utils:1.0.0] AndroidManifest.xml:20:5-44
MERGED from [androidx.legacy:legacy-support-core-utils:1.0.0] AndroidManifest.xml:20:5-44
MERGED from [androidx.loader:loader:1.0.0] AndroidManifest.xml:20:5-44
MERGED from [androidx.loader:loader:1.0.0] AndroidManifest.xml:20:5-44
MERGED from [androidx.activity:activity:1.0.0] AndroidManifest.xml:20:5-22:41
MERGED from [androidx.activity:activity:1.0.0] AndroidManifest.xml:20:5-22:41
MERGED from [androidx.appcompat:appcompat-resources:1.1.0] AndroidManifest.xml:20:5-22:41
MERGED from [androidx.appcompat:appcompat-resources:1.1.0] AndroidManifest.xml:20:5-22:41
MERGED from [androidx.drawerlayout:drawerlayout:1.0.0] AndroidManifest.xml:20:5-44
MERGED from [androidx.drawerlayout:drawerlayout:1.0.0] AndroidManifest.xml:20:5-44
MERGED from [androidx.coordinatorlayout:coordinatorlayout:1.0.0] AndroidManifest.xml:20:5-44
MERGED from [androidx.coordinatorlayout:coordinatorlayout:1.0.0] AndroidManifest.xml:20:5-44
MERGED from [androidx.slidingpanelayout:slidingpanelayout:1.0.0] AndroidManifest.xml:20:5-44
MERGED from [androidx.slidingpanelayout:slidingpanelayout:1.0.0] AndroidManifest.xml:20:5-44
MERGED from [androidx.customview:customview:1.0.0] AndroidManifest.xml:20:5-44
MERGED from [androidx.customview:customview:1.0.0] AndroidManifest.xml:20:5-44
MERGED from [androidx.transition:transition:1.0.0] AndroidManifest.xml:20:5-44
MERGED from [androidx.transition:transition:1.0.0] AndroidManifest.xml:20:5-44
MERGED from [androidx.vectordrawable:vectordrawable-animated:1.1.0] AndroidManifest.xml:20:5-22:41
MERGED from [androidx.vectordrawable:vectordrawable-animated:1.1.0] AndroidManifest.xml:20:5-22:41
MERGED from [androidx.vectordrawable:vectordrawable:1.1.0] AndroidManifest.xml:20:5-22:41
MERGED from [androidx.vectordrawable:vectordrawable:1.1.0] AndroidManifest.xml:20:5-22:41
MERGED from [androidx.swiperefreshlayout:swiperefreshlayout:1.0.0] AndroidManifest.xml:20:5-44
MERGED from [androidx.swiperefreshlayout:swiperefreshlayout:1.0.0] AndroidManifest.xml:20:5-44
MERGED from [androidx.asynclayoutinflater:asynclayoutinflater:1.0.0] AndroidManifest.xml:20:5-44
MERGED from [androidx.asynclayoutinflater:asynclayoutinflater:1.0.0] AndroidManifest.xml:20:5-44
MERGED from [androidx.media:media:1.0.0] AndroidManifest.xml:20:5-44
MERGED from [androidx.media:media:1.0.0] AndroidManifest.xml:20:5-44
MERGED from [androidx.core:core:1.1.0] AndroidManifest.xml:20:5-22:41
MERGED from [androidx.core:core:1.1.0] AndroidManifest.xml:20:5-22:41
MERGED from [androidx.lifecycle:lifecycle-process:2.1.0] AndroidManifest.xml:20:5-44
MERGED from [androidx.lifecycle:lifecycle-process:2.1.0] AndroidManifest.xml:20:5-44
MERGED from [androidx.lifecycle:lifecycle-service:2.1.0] AndroidManifest.xml:20:5-44
MERGED from [androidx.lifecycle:lifecycle-service:2.1.0] AndroidManifest.xml:20:5-44
MERGED from [androidx.lifecycle:lifecycle-runtime:2.2.0] AndroidManifest.xml:20:5-22:41
MERGED from [androidx.lifecycle:lifecycle-runtime:2.2.0] AndroidManifest.xml:20:5-22:41
MERGED from [androidx.savedstate:savedstate:1.0.0] AndroidManifest.xml:20:5-22:41
MERGED from [androidx.savedstate:savedstate:1.0.0] AndroidManifest.xml:20:5-22:41
MERGED from [androidx.lifecycle:lifecycle-livedata:2.1.0] AndroidManifest.xml:20:5-44
MERGED from [androidx.lifecycle:lifecycle-livedata:2.1.0] AndroidManifest.xml:20:5-44
MERGED from [androidx.lifecycle:lifecycle-livedata-core:2.1.0] AndroidManifest.xml:20:5-44
MERGED from [androidx.lifecycle:lifecycle-livedata-core:2.1.0] AndroidManifest.xml:20:5-44
MERGED from [androidx.versionedparcelable:versionedparcelable:1.1.0] AndroidManifest.xml:20:5-22:41
MERGED from [androidx.versionedparcelable:versionedparcelable:1.1.0] AndroidManifest.xml:20:5-22:41
MERGED from [androidx.arch.core:core-runtime:2.1.0] AndroidManifest.xml:20:5-22:41
MERGED from [androidx.arch.core:core-runtime:2.1.0] AndroidManifest.xml:20:5-22:41
MERGED from [androidx.cursoradapter:cursoradapter:1.0.0] AndroidManifest.xml:20:5-44
MERGED from [androidx.cursoradapter:cursoradapter:1.0.0] AndroidManifest.xml:20:5-44
MERGED from [androidx.cardview:cardview:1.0.0] AndroidManifest.xml:20:5-44
MERGED from [androidx.cardview:cardview:1.0.0] AndroidManifest.xml:20:5-44
MERGED from [androidx.lifecycle:lifecycle-viewmodel:2.1.0] AndroidManifest.xml:20:5-44
MERGED from [androidx.lifecycle:lifecycle-viewmodel:2.1.0] AndroidManifest.xml:20:5-44
MERGED from [androidx.interpolator:interpolator:1.0.0] AndroidManifest.xml:20:5-44
MERGED from [androidx.interpolator:interpolator:1.0.0] AndroidManifest.xml:20:5-44
MERGED from [androidx.documentfile:documentfile:1.0.0] AndroidManifest.xml:20:5-44
MERGED from [androidx.documentfile:documentfile:1.0.0] AndroidManifest.xml:20:5-44
MERGED from [androidx.localbroadcastmanager:localbroadcastmanager:1.0.0] AndroidManifest.xml:20:5-44
MERGED from [androidx.localbroadcastmanager:localbroadcastmanager:1.0.0] AndroidManifest.xml:20:5-44
MERGED from [androidx.print:print:1.0.0] AndroidManifest.xml:20:5-44
MERGED from [androidx.print:print:1.0.0] AndroidManifest.xml:20:5-44
MERGED from [com.github.kittinunf.fuel:fuel-android:1.15.0] AndroidManifest.xml:6:5-8:41
MERGED from [com.github.kittinunf.fuel:fuel-android:1.15.0] AndroidManifest.xml:6:5-8:41
MERGED from [androidx.constraintlayout:constraintlayout:1.1.3] AndroidManifest.xml:5:5-7:41
MERGED from [androidx.constraintlayout:constraintlayout:1.1.3] AndroidManifest.xml:5:5-7:41
MERGED from [com.daimajia.swipelayout:library:1.2.0] AndroidManifest.xml:6:5-8:41
MERGED from [com.daimajia.swipelayout:library:1.2.0] AndroidManifest.xml:6:5-8:41
MERGED from [com.jakewharton.timber:timber:4.7.1] AndroidManifest.xml:5:5-43
MERGED from [com.jakewharton.timber:timber:4.7.1] AndroidManifest.xml:5:5-43
INJECTED from src\debug\AndroidManifest.xml
INJECTED from src\debug\AndroidManifest.xml
	tools:overrideLibrary
		ADDED from [com.jideguru:folioreader:0.6.2] AndroidManifest.xml:11:9-79
	android:targetSdkVersion
		INJECTED from src\main\AndroidManifest.xml
		INJECTED from src\debug\AndroidManifest.xml
	android:minSdkVersion
		INJECTED from src\main\AndroidManifest.xml
		INJECTED from src\debug\AndroidManifest.xml
provider#de.esys.esysfluttershare.EsysFlutterShareFileProvider
ADDED from [:esys_flutter_share] AndroidManifest.xml:8:9-16:20
	android:grantUriPermissions
		ADDED from [:esys_flutter_share] AndroidManifest.xml:12:13-47
	android:authorities
		ADDED from [:esys_flutter_share] AndroidManifest.xml:10:13-110
	android:exported
		ADDED from [:esys_flutter_share] AndroidManifest.xml:11:13-37
	android:name
		ADDED from [:esys_flutter_share] AndroidManifest.xml:9:13-81
meta-data#android.support.FILE_PROVIDER_PATHS
ADDED from [:esys_flutter_share] AndroidManifest.xml:13:13-15:72
	android:resource
		ADDED from [:esys_flutter_share] AndroidManifest.xml:15:17-69
	android:name
		ADDED from [:esys_flutter_share] AndroidManifest.xml:14:17-67
provider#com.folioreader.AppContext
ADDED from [com.jideguru:folioreader:0.6.2] AndroidManifest.xml:20:9-23:40
	android:authorities
		ADDED from [com.jideguru:folioreader:0.6.2] AndroidManifest.xml:22:13-71
	android:exported
		ADDED from [com.jideguru:folioreader:0.6.2] AndroidManifest.xml:23:13-37
	android:name
		ADDED from [com.jideguru:folioreader:0.6.2] AndroidManifest.xml:21:13-54
activity#com.folioreader.ui.activity.FolioActivity
ADDED from [com.jideguru:folioreader:0.6.2] AndroidManifest.xml:25:9-28:60
	android:label
		ADDED from [com.jideguru:folioreader:0.6.2] AndroidManifest.xml:27:13-45
	android:theme
		ADDED from [com.jideguru:folioreader:0.6.2] AndroidManifest.xml:28:13-57
	android:name
		ADDED from [com.jideguru:folioreader:0.6.2] AndroidManifest.xml:26:13-69
activity#com.folioreader.ui.activity.ContentHighlightActivity
ADDED from [com.jideguru:folioreader:0.6.2] AndroidManifest.xml:29:9-31:59
	android:theme
		ADDED from [com.jideguru:folioreader:0.6.2] AndroidManifest.xml:31:13-56
	android:name
		ADDED from [com.jideguru:folioreader:0.6.2] AndroidManifest.xml:30:13-80
activity#com.folioreader.ui.activity.SearchActivity
ADDED from [com.jideguru:folioreader:0.6.2] AndroidManifest.xml:32:9-42:20
	android:launchMode
		ADDED from [com.jideguru:folioreader:0.6.2] AndroidManifest.xml:34:13-43
	android:name
		ADDED from [com.jideguru:folioreader:0.6.2] AndroidManifest.xml:33:13-70
intent-filter#action:name:android.intent.action.SEARCH
ADDED from [com.jideguru:folioreader:0.6.2] AndroidManifest.xml:35:13-37:29
action#android.intent.action.SEARCH
ADDED from [com.jideguru:folioreader:0.6.2] AndroidManifest.xml:36:17-71
	android:name
		ADDED from [com.jideguru:folioreader:0.6.2] AndroidManifest.xml:36:25-68
meta-data#android.app.searchable
ADDED from [com.jideguru:folioreader:0.6.2] AndroidManifest.xml:39:13-41:54
	android:resource
		ADDED from [com.jideguru:folioreader:0.6.2] AndroidManifest.xml:41:17-51
	android:name
		ADDED from [com.jideguru:folioreader:0.6.2] AndroidManifest.xml:40:17-54
provider#org.readium.r2.streamer.ClientAppContext
ADDED from [com.github.codetoart:r2-streamer-kotlin:1.0.4-2] AndroidManifest.xml:22:9-25:40
	android:authorities
		ADDED from [com.github.codetoart:r2-streamer-kotlin:1.0.4-2] AndroidManifest.xml:24:13-77
	android:exported
		ADDED from [com.github.codetoart:r2-streamer-kotlin:1.0.4-2] AndroidManifest.xml:25:13-37
	android:name
		ADDED from [com.github.codetoart:r2-streamer-kotlin:1.0.4-2] AndroidManifest.xml:23:13-68
provider#androidx.lifecycle.ProcessLifecycleOwnerInitializer
ADDED from [androidx.lifecycle:lifecycle-process:2.1.0] AndroidManifest.xml:23:9-27:43
	android:authorities
		ADDED from [androidx.lifecycle:lifecycle-process:2.1.0] AndroidManifest.xml:25:13-69
	android:multiprocess
		ADDED from [androidx.lifecycle:lifecycle-process:2.1.0] AndroidManifest.xml:27:13-40
	android:exported
		ADDED from [androidx.lifecycle:lifecycle-process:2.1.0] AndroidManifest.xml:26:13-37
	android:name
		ADDED from [androidx.lifecycle:lifecycle-process:2.1.0] AndroidManifest.xml:24:13-79